app/build/outputs/logs/manifest-merger-release-report.txt
-- Merging decision tree log ---
manifest
ADDED from src/main/AndroidManifest.xml:2:1-86:12
INJECTED from src/main/AndroidManifest.xml:2:1-86:12
INJECTED from src/main/AndroidManifest.xml:2:1-86:12
INJECTED from src/main/AndroidManifest.xml:2:1-86:12
MERGED from [com.github.florent37:arclayout:1.0.3] AndroidManifest.xml:2:1-12:12
MERGED from [com.rom4ek:arcnavigationview:1.0.3] AndroidManifest.xml:2:1-12:12
MERGED from [com.wdullaer:materialdatetimepicker:3.5.1] AndroidManifest.xml:17:1-30:12
MERGED from [com.android.support:design:27.0.2] AndroidManifest.xml:17:1-22:12
MERGED from [com.android.support:appcompat-v7:27.0.2] AndroidManifest.xml:17:1-22:12
MERGED from [com.android.support:recyclerview-v7:27.0.2] AndroidManifest.xml:17:1-22:12
MERGED from [com.android.support:cardview-v7:27.0.2] AndroidManifest.xml:17:1-22:12
MERGED from [de.hdodenhof:circleimageview:2.1.0] AndroidManifest.xml:2:1-11:12
MERGED from [com.github.JakeWharton:ViewPagerIndicator:2.4.1] AndroidManifest.xml:2:1-11:12
MERGED from [com.android.support:support-v13:27.0.2] AndroidManifest.xml:17:1-22:12
MERGED from [com.android.support:support-v4:27.0.2] AndroidManifest.xml:17:1-22:12
MERGED from [com.android.support:support-fragment:27.0.2] AndroidManifest.xml:17:1-22:12
MERGED from [com.android.support:animated-vector-drawable:27.0.2] AndroidManifest.xml:17:1-22:12
MERGED from [com.android.support:support-core-ui:27.0.2] AndroidManifest.xml:17:1-22:12
MERGED from [com.android.support:support-core-utils:27.0.2] AndroidManifest.xml:17:1-22:12
MERGED from [com.android.support:support-vector-drawable:27.0.2] AndroidManifest.xml:17:1-22:12
MERGED from [com.android.support:transition:27.0.2] AndroidManifest.xml:17:1-22:12
MERGED from [com.android.support:support-media-compat:27.0.2] AndroidManifest.xml:17:1-22:12
MERGED from [com.android.support:support-compat:27.0.2] AndroidManifest.xml:17:1-22:12
MERGED from [android.arch.lifecycle:runtime:1.0.3] AndroidManifest.xml:17:1-24:12
INJECTED from src/main/AndroidManifest.xml:2:1-86:12
INJECTED from src/main/AndroidManifest.xml:2:1-86:12
INJECTED from src/main/AndroidManifest.xml:2:1-86:12
	package
		ADDED from src/main/AndroidManifest.xml:3:5-48
		INJECTED from src/main/AndroidManifest.xml
		INJECTED from src/main/AndroidManifest.xml
	android:versionName
		INJECTED from src/main/AndroidManifest.xml
		ADDED from src/main/AndroidManifest.xml:2:1-86:12
		INJECTED from src/main/AndroidManifest.xml
	android:versionCode
		INJECTED from src/main/AndroidManifest.xml
		ADDED from src/main/AndroidManifest.xml:2:1-86:12
		INJECTED from src/main/AndroidManifest.xml
	xmlns:android
		ADDED from src/main/AndroidManifest.xml:2:11-69
uses-permission#android.permission.READ_CONTACTS
ADDED from src/main/AndroidManifest.xml:5:5-72
	android:name
		ADDED from src/main/AndroidManifest.xml:5:22-69
uses-permission#android.permission.WAKE_LOCK
ADDED from src/main/AndroidManifest.xml:6:5-68
	android:name
		ADDED from src/main/AndroidManifest.xml:6:22-65
uses-permission#android.permission.READ_PHONE_STATE
ADDED from src/main/AndroidManifest.xml:7:5-75
	android:name
		ADDED from src/main/AndroidManifest.xml:7:22-72
uses-permission#android.permission.ACCESS_NETWORK_STATE
ADDED from src/main/AndroidManifest.xml:8:5-79
	android:name
		ADDED from src/main/AndroidManifest.xml:8:22-76
uses-permission#android.permission.INTERNET
ADDED from src/main/AndroidManifest.xml:9:5-67
	android:name
		ADDED from src/main/AndroidManifest.xml:9:22-64
application
ADDED from src/main/AndroidManifest.xml:11:5-84:19
MERGED from [com.wdullaer:materialdatetimepicker:3.5.1] AndroidManifest.xml:28:5-20
MERGED from [com.wdullaer:materialdatetimepicker:3.5.1] AndroidManifest.xml:28:5-20
MERGED from [de.hdodenhof:circleimageview:2.1.0] AndroidManifest.xml:9:5-20
MERGED from [de.hdodenhof:circleimageview:2.1.0] AndroidManifest.xml:9:5-20
	android:supportsRtl
		ADDED from src/main/AndroidManifest.xml:16:9-35
	android:label
		ADDED from src/main/AndroidManifest.xml:14:9-41
	android:roundIcon
		ADDED from src/main/AndroidManifest.xml:15:9-41
	android:largeHeap
		ADDED from src/main/AndroidManifest.xml:17:9-33
	android:icon
		ADDED from src/main/AndroidManifest.xml:13:9-36
	android:allowBackup
		ADDED from src/main/AndroidManifest.xml:12:9-35
	android:theme
		ADDED from src/main/AndroidManifest.xml:18:9-42
activity#com.example.webplat.amoldesigning.Activities.WelcomeActivity
ADDED from src/main/AndroidManifest.xml:21:9-30:20
	android:label
		ADDED from src/main/AndroidManifest.xml:23:13-61
	android:theme
		ADDED from src/main/AndroidManifest.xml:24:13-47
	android:name
		ADDED from src/main/AndroidManifest.xml:22:13-55
intent-filter#android.intent.action.MAIN+android.intent.category.LAUNCHER
ADDED from src/main/AndroidManifest.xml:25:13-29:29
action#android.intent.action.MAIN
ADDED from src/main/AndroidManifest.xml:26:17-69
	android:name
		ADDED from src/main/AndroidManifest.xml:26:25-66
category#android.intent.category.LAUNCHER
ADDED from src/main/AndroidManifest.xml:28:17-77
	android:name
		ADDED from src/main/AndroidManifest.xml:28:27-74
activity#com.example.webplat.amoldesigning.Activities.SplashScreen
ADDED from src/main/AndroidManifest.xml:32:9-34:20
	android:name
		ADDED from src/main/AndroidManifest.xml:32:19-58
activity#com.example.webplat.amoldesigning.moneytransfer_DMT.MoneyTransferLoginActivity_IDMT
ADDED from src/main/AndroidManifest.xml:35:9-96
	android:name
		ADDED from src/main/AndroidManifest.xml:35:19-84
activity#com.example.webplat.amoldesigning.Activities.LoginActivity
ADDED from src/main/AndroidManifest.xml:36:9-40:20
	android:theme
		ADDED from src/main/AndroidManifest.xml:38:13-47
	android:name
		ADDED from src/main/AndroidManifest.xml:37:13-53
activity#com.example.webplat.amoldesigning.Activities.Dashboard
ADDED from src/main/AndroidManifest.xml:41:9-43:50
	android:theme
		ADDED from src/main/AndroidManifest.xml:43:13-47
	android:name
		ADDED from src/main/AndroidManifest.xml:42:13-49
activity#com.example.webplat.amoldesigning.Activities.HistoryActivity
ADDED from src/main/AndroidManifest.xml:44:9-46:49
	android:theme
		ADDED from src/main/AndroidManifest.xml:46:13-46
	android:name
		ADDED from src/main/AndroidManifest.xml:45:13-55
activity#com.example.webplat.amoldesigning.Activities.MobileRecharge
ADDED from src/main/AndroidManifest.xml:47:9-63
	android:name
		ADDED from src/main/AndroidManifest.xml:47:19-60
activity#com.example.webplat.amoldesigning.Activities.BBPSActivity
ADDED from src/main/AndroidManifest.xml:48:9-61
	android:name
		ADDED from src/main/AndroidManifest.xml:48:19-58
activity#com.example.webplat.amoldesigning.Activities.DisplayRecipt
ADDED from src/main/AndroidManifest.xml:49:9-62
	android:name
		ADDED from src/main/AndroidManifest.xml:49:19-59
activity#com.example.webplat.amoldesigning.Activities.DisplayListActivity
ADDED from src/main/AndroidManifest.xml:50:9-68
	android:name
		ADDED from src/main/AndroidManifest.xml:50:19-65
activity#com.example.webplat.amoldesigning.Activities.BBPSHistory
ADDED from src/main/AndroidManifest.xml:51:9-60
	android:name
		ADDED from src/main/AndroidManifest.xml:51:19-57
activity#com.example.webplat.amoldesigning.Activities.OperatorActivity
ADDED from src/main/AndroidManifest.xml:52:9-65
	android:name
		ADDED from src/main/AndroidManifest.xml:52:19-62
activity#com.example.webplat.amoldesigning.Activities.DTHRecharge
ADDED from src/main/AndroidManifest.xml:53:9-60
	android:name
		ADDED from src/main/AndroidManifest.xml:53:19-57
activity#com.example.webplat.amoldesigning.Activities.DatacardRecharge
ADDED from src/main/AndroidManifest.xml:54:9-65
	android:name
		ADDED from src/main/AndroidManifest.xml:54:19-62
activity#com.example.webplat.amoldesigning.Activities.Electricity
ADDED from src/main/AndroidManifest.xml:55:9-60
	android:name
		ADDED from src/main/AndroidManifest.xml:55:19-57
activity#com.example.webplat.amoldesigning.Activities.RechargePlansActivity
ADDED from src/main/AndroidManifest.xml:56:9-70
	android:name
		ADDED from src/main/AndroidManifest.xml:56:19-67
activity#com.example.webplat.amoldesigning.Activities.ForgetPassword
ADDED from src/main/AndroidManifest.xml:57:9-63
	android:name
		ADDED from src/main/AndroidManifest.xml:57:19-60
activity#com.example.webplat.amoldesigning.Activities.ChangePasswordActivity
ADDED from src/main/AndroidManifest.xml:58:9-71
	android:name
		ADDED from src/main/AndroidManifest.xml:58:19-68
activity#com.example.webplat.amoldesigning.Activities.ProfileActivity
ADDED from src/main/AndroidManifest.xml:59:9-64
	android:name
		ADDED from src/main/AndroidManifest.xml:59:19-61
activity#com.example.webplat.amoldesigning.Activities.WalletSummaryFragment_Distributor
ADDED from src/main/AndroidManifest.xml:60:9-82
	android:name
		ADDED from src/main/AndroidManifest.xml:60:19-79
activity#com.example.webplat.amoldesigning.Activities.BillingHistory_Distributor
ADDED from src/main/AndroidManifest.xml:61:9-75
	android:name
		ADDED from src/main/AndroidManifest.xml:61:19-72
activity#com.example.webplat.amoldesigning.Activities.CreditReportActivity
ADDED from src/main/AndroidManifest.xml:62:9-69
	android:name
		ADDED from src/main/AndroidManifest.xml:62:19-66
activity#com.example.webplat.amoldesigning.moneytransfer_DMT.DMT2DashBoardActivity
ADDED from src/main/AndroidManifest.xml:63:9-86
	android:name
		ADDED from src/main/AndroidManifest.xml:63:19-74
activity#com.example.webplat.amoldesigning.moneytransfer_DMT.DMT2_HistoryMoney
ADDED from src/main/AndroidManifest.xml:64:9-82
	android:name
		ADDED from src/main/AndroidManifest.xml:64:19-70
activity#com.example.webplat.amoldesigning.moneytransfer_DMT.DMT2_AddBeneficiary
ADDED from src/main/AndroidManifest.xml:65:9-84
	android:name
		ADDED from src/main/AndroidManifest.xml:65:19-72
activity#com.example.webplat.amoldesigning.Activities.DistributerDashboard
ADDED from src/main/AndroidManifest.xml:66:9-69:49
	android:label
		ADDED from src/main/AndroidManifest.xml:68:13-73
	android:theme
		ADDED from src/main/AndroidManifest.xml:69:13-47
	android:name
		ADDED from src/main/AndroidManifest.xml:67:13-60
activity#com.example.webplat.amoldesigning.Activities.MainActivity
ADDED from src/main/AndroidManifest.xml:71:9-73:48
	android:theme
		ADDED from src/main/AndroidManifest.xml:73:13-46
	android:name
		ADDED from src/main/AndroidManifest.xml:72:13-52
activity#com.example.webplat.amoldesigning.Activities.AddUser
ADDED from src/main/AndroidManifest.xml:75:9-77:49
	android:theme
		ADDED from src/main/AndroidManifest.xml:77:13-47
	android:name
		ADDED from src/main/AndroidManifest.xml:76:13-47
activity#com.example.webplat.amoldesigning.moneytransfer_DMT.DMT2_MoneyRegister
ADDED from src/main/AndroidManifest.xml:78:9-83
	android:name
		ADDED from src/main/AndroidManifest.xml:78:19-71
activity#com.example.webplat.amoldesigning.Activities.WalletTransfer
ADDED from src/main/AndroidManifest.xml:79:9-81:49
	android:theme
		ADDED from src/main/AndroidManifest.xml:81:13-47
	android:name
		ADDED from src/main/AndroidManifest.xml:80:13-54
activity#com.example.webplat.amoldesigning.Activities.Payment_Request
ADDED from src/main/AndroidManifest.xml:82:9-63
	android:name
		ADDED from src/main/AndroidManifest.xml:82:19-61
uses-sdk
INJECTED from src/main/AndroidManifest.xml reason: use-sdk injection requested
INJECTED from src/main/AndroidManifest.xml
INJECTED from src/main/AndroidManifest.xml
MERGED from [com.github.florent37:arclayout:1.0.3] AndroidManifest.xml:8:5-10:41
MERGED from [com.github.florent37:arclayout:1.0.3] AndroidManifest.xml:8:5-10:41
MERGED from [com.rom4ek:arcnavigationview:1.0.3] AndroidManifest.xml:8:5-10:41
MERGED from [com.rom4ek:arcnavigationview:1.0.3] AndroidManifest.xml:8:5-10:41
MERGED from [com.wdullaer:materialdatetimepicker:3.5.1] AndroidManifest.xml:22:5-24:41
MERGED from [com.wdullaer:materialdatetimepicker:3.5.1] AndroidManifest.xml:22:5-24:41
MERGED from [com.android.support:design:27.0.2] AndroidManifest.xml:20:5-44
MERGED from [com.android.support:design:27.0.2] AndroidManifest.xml:20:5-44
MERGED from [com.android.support:appcompat-v7:27.0.2] AndroidManifest.xml:20:5-44
MERGED from [com.android.support:appcompat-v7:27.0.2] AndroidManifest.xml:20:5-44
MERGED from [com.android.support:recyclerview-v7:27.0.2] AndroidManifest.xml:20:5-44
MERGED from [com.android.support:recyclerview-v7:27.0.2] AndroidManifest.xml:20:5-44
MERGED from [com.android.support:cardview-v7:27.0.2] AndroidManifest.xml:20:5-44
MERGED from [com.android.support:cardview-v7:27.0.2] AndroidManifest.xml:20:5-44
MERGED from [de.hdodenhof:circleimageview:2.1.0] AndroidManifest.xml:5:5-7:41
MERGED from [de.hdodenhof:circleimageview:2.1.0] AndroidManifest.xml:5:5-7:41
MERGED from [com.github.JakeWharton:ViewPagerIndicator:2.4.1] AndroidManifest.xml:7:5-9:41
MERGED from [com.github.JakeWharton:ViewPagerIndicator:2.4.1] AndroidManifest.xml:7:5-9:41
MERGED from [com.android.support:support-v13:27.0.2] AndroidManifest.xml:20:5-44
MERGED from [com.android.support:support-v13:27.0.2] AndroidManifest.xml:20:5-44
MERGED from [com.android.support:support-v4:27.0.2] AndroidManifest.xml:20:5-44
MERGED from [com.android.support:support-v4:27.0.2] AndroidManifest.xml:20:5-44
MERGED from [com.android.support:support-fragment:27.0.2] AndroidManifest.xml:20:5-44
MERGED from [com.android.support:support-fragment:27.0.2] AndroidManifest.xml:20:5-44
MERGED from [com.android.support:animated-vector-drawable:27.0.2] AndroidManifest.xml:20:5-44
MERGED from [com.android.support:animated-vector-drawable:27.0.2] AndroidManifest.xml:20:5-44
MERGED from [com.android.support:support-core-ui:27.0.2] AndroidManifest.xml:20:5-44
MERGED from [com.android.support:support-core-ui:27.0.2] AndroidManifest.xml:20:5-44
MERGED from [com.android.support:support-core-utils:27.0.2] AndroidManifest.xml:20:5-44
MERGED from [com.android.support:support-core-utils:27.0.2] AndroidManifest.xml:20:5-44
MERGED from [com.android.support:support-vector-drawable:27.0.2] AndroidManifest.xml:20:5-44
MERGED from [com.android.support:support-vector-drawable:27.0.2] AndroidManifest.xml:20:5-44
MERGED from [com.android.support:transition:27.0.2] AndroidManifest.xml:20:5-44
MERGED from [com.android.support:transition:27.0.2] AndroidManifest.xml:20:5-44
MERGED from [com.android.support:support-media-compat:27.0.2] AndroidManifest.xml:20:5-44
MERGED from [com.android.support:support-media-compat:27.0.2] AndroidManifest.xml:20:5-44
MERGED from [com.android.support:support-compat:27.0.2] AndroidManifest.xml:20:5-44
MERGED from [com.android.support:support-compat:27.0.2] AndroidManifest.xml:20:5-44
MERGED from [android.arch.lifecycle:runtime:1.0.3] AndroidManifest.xml:20:5-22:41
MERGED from [android.arch.lifecycle:runtime:1.0.3] AndroidManifest.xml:20:5-22:41
INJECTED from src/main/AndroidManifest.xml
INJECTED from src/main/AndroidManifest.xml
	android:targetSdkVersion
		INJECTED from src/main/AndroidManifest.xml
		ADDED from src/main/AndroidManifest.xml
		INJECTED from src/main/AndroidManifest.xml
	android:minSdkVersion
		INJECTED from src/main/AndroidManifest.xml
		ADDED from src/main/AndroidManifest.xml
		INJECTED from src/main/AndroidManifest.xml
uses-permission#android.permission.VIBRATE
ADDED from [com.wdullaer:materialdatetimepicker:3.5.1] AndroidManifest.xml:26:5-66
	android:name
		ADDED from [com.wdullaer:materialdatetimepicker:3.5.1] AndroidManifest.xml:26:22-63